# JRE version: OpenJDK Runtime Environment (11.0.7+10) (build 11.0.7+10-b765.53)
# Java VM: OpenJDK 64-Bit Server VM (11.0.7+10-b765.53, mixed mode, sharing, tiered, compressed oops, concurrent mark sweep gc, windows-amd64)
Heap:
 par new generation   total 39296K, used 19893K [0x00000000c1000000, 0x00000000c3aa0000, 0x00000000d6000000)
  eden space 34944K,  44% used [0x00000000c1000000, 0x00000000c1f2d5f0, 0x00000000c3220000)
  from space 4352K, 100% used [0x00000000c3220000, 0x00000000c3660000, 0x00000000c3660000)
  to   space 4352K,   0% used [0x00000000c3660000, 0x00000000c3660000, 0x00000000c3aa0000)
 concurrent mark-sweep generation total 93880K, used 56325K [0x00000000d6000000, 0x00000000dbbae000, 0x0000000100000000)
 Metaspace       used 29368K, capacity 30890K, committed 31088K, reserved 1077248K
  class space    used 2709K, capacity 3252K, committed 3328K, reserved 1048576K
GC Heap History (12 events):
Event: 0.939 GC heap before
{Heap before GC invocations=0 (full 0):
 par new generation   total 39296K, used 34944K [0x00000000c1000000, 0x00000000c3aa0000, 0x00000000d6000000)
  eden space 34944K, 100% used [0x00000000c1000000, 0x00000000c3220000, 0x00000000c3220000)
  from space 4352K,   0% used [0x00000000c3220000, 0x00000000c3220000, 0x00000000c3660000)
  to   space 4352K,   0% used [0x00000000c3660000, 0x00000000c3660000, 0x00000000c3aa0000)
 concurrent mark-sweep generation total 87424K, used 0K [0x00000000d6000000, 0x00000000db560000, 0x0000000100000000)
 Metaspace       used 7645K, capacity 8067K, committed 8320K, reserved 1056768K
  class space    used 677K, capacity 820K, committed 896K, reserved 1048576K
}
Event: 0.952 GC heap after
{Heap after GC invocations=1 (full 0):
 par new generation   total 39296K, used 4352K [0x00000000c1000000, 0x00000000c3aa0000, 0x00000000d6000000)
  eden space 34944K,   0% used [0x00000000c1000000, 0x00000000c1000000, 0x00000000c3220000)
  from space 4352K, 100% used [0x00000000c3660000, 0x00000000c3aa0000, 0x00000000c3aa0000)
  to   space 4352K,   0% used [0x00000000c3220000, 0x00000000c3220000, 0x00000000c3660000)
 concurrent mark-sweep generation total 87424K, used 3390K [0x00000000d6000000, 0x00000000db560000, 0x0000000100000000)
 Metaspace       used 7645K, capacity 8067K, committed 8320K, reserved 1056768K
  class space    used 677K, capacity 820K, committed 896K, reserved 1048576K
}
Event: 1.287 GC heap before
{Heap before GC invocations=1 (full 0):
 par new generation   total 39296K, used 39296K [0x00000000c1000000, 0x00000000c3aa0000, 0x00000000d6000000)
  eden space 34944K, 100% used [0x00000000c1000000, 0x00000000c3220000, 0x00000000c3220000)
  from space 4352K, 100% used [0x00000000c3660000, 0x00000000c3aa0000, 0x00000000c3aa0000)
  to   space 4352K,   0% used [0x00000000c3220000, 0x00000000c3220000, 0x00000000c3660000)
 concurrent mark-sweep generation total 87424K, used 3390K [0x00000000d6000000, 0x00000000db560000, 0x0000000100000000)
 Metaspace       used 11096K, capacity 11934K, committed 12032K, reserved 1060864K
  class space    used 971K, capacity 1219K, committed 1280K, reserved 1048576K
}
Event: 1.299 GC heap after
{Heap after GC invocations=2 (full 0):
 par new generation   total 39296K, used 4352K [0x00000000c1000000, 0x00000000c3aa0000, 0x00000000d6000000)
  eden space 34944K,   0% used [0x00000000c1000000, 0x00000000c1000000, 0x00000000c3220000)
  from space 4352K, 100% used [0x00000000c3220000, 0x00000000c3660000, 0x00000000c3660000)
  to   space 4352K,   0% used [0x00000000c3660000, 0x00000000c3660000, 0x00000000c3aa0000)
 concurrent mark-sweep generation total 87424K, used 16309K [0x00000000d6000000, 0x00000000db560000, 0x0000000100000000)
 Metaspace       used 11096K, capacity 11934K, committed 12032K, reserved 1060864K
  class space    used 971K, capacity 1219K, committed 1280K, reserved 1048576K
}
Event: 1.457 GC heap before
{Heap before GC invocations=2 (full 0):
 par new generation   total 39296K, used 39296K [0x00000000c1000000, 0x00000000c3aa0000, 0x00000000d6000000)
  eden space 34944K, 100% used [0x00000000c1000000, 0x00000000c3220000, 0x00000000c3220000)
  from space 4352K, 100% used [0x00000000c3220000, 0x00000000c3660000, 0x00000000c3660000)
  to   space 4352K,   0% used [0x00000000c3660000, 0x00000000c3660000, 0x00000000c3aa0000)
 concurrent mark-sweep generation total 87424K, used 16309K [0x00000000d6000000, 0x00000000db560000, 0x0000000100000000)
 Metaspace       used 17310K, capacity 18476K, committed 18688K, reserved 1067008K
  class space    used 1602K, capacity 1951K, committed 2048K, reserved 1048576K
}
Event: 1.465 GC heap after
{Heap after GC invocations=3 (full 0):
 par new generation   total 39296K, used 4352K [0x00000000c1000000, 0x00000000c3aa0000, 0x00000000d6000000)
  eden space 34944K,   0% used [0x00000000c1000000, 0x00000000c1000000, 0x00000000c3220000)
  from space 4352K, 100% used [0x00000000c3660000, 0x00000000c3aa0000, 0x00000000c3aa0000)
  to   space 4352K,   0% used [0x00000000c3220000, 0x00000000c3220000, 0x00000000c3660000)
 concurrent mark-sweep generation total 87424K, used 25875K [0x00000000d6000000, 0x00000000db560000, 0x0000000100000000)
 Metaspace       used 17310K, capacity 18476K, committed 18688K, reserved 1067008K
  class space    used 1602K, capacity 1951K, committed 2048K, reserved 1048576K
}
Event: 1.627 GC heap before
{Heap before GC invocations=3 (full 0):
 par new generation   total 39296K, used 39296K [0x00000000c1000000, 0x00000000c3aa0000, 0x00000000d6000000)
  eden space 34944K, 100% used [0x00000000c1000000, 0x00000000c3220000, 0x00000000c3220000)
  from space 4352K, 100% used [0x00000000c3660000, 0x00000000c3aa0000, 0x00000000c3aa0000)
  to   space 4352K,   0% used [0x00000000c3220000, 0x00000000c3220000, 0x00000000c3660000)
 concurrent mark-sweep generation total 87424K, used 25875K [0x00000000d6000000, 0x00000000db560000, 0x0000000100000000)
 Metaspace       used 22067K, capacity 23445K, committed 23544K, reserved 1071104K
  class space    used 2157K, capacity 2624K, committed 2688K, reserved 1048576K
}
Event: 1.640 GC heap after
{Heap after GC invocations=4 (full 0):
 par new generation   total 39296K, used 4352K [0x00000000c1000000, 0x00000000c3aa0000, 0x00000000d6000000)
  eden space 34944K,   0% used [0x00000000c1000000, 0x00000000c1000000, 0x00000000c3220000)
  from space 4352K, 100% used [0x00000000c3220000, 0x00000000c3660000, 0x00000000c3660000)
  to   space 4352K,   0% used [0x00000000c3660000, 0x00000000c3660000, 0x00000000c3aa0000)
 concurrent mark-sweep generation total 87424K, used 38480K [0x00000000d6000000, 0x00000000db560000, 0x0000000100000000)
 Metaspace       used 22067K, capacity 23445K, committed 23544K, reserved 1071104K
  class space    used 2157K, capacity 2624K, committed 2688K, reserved 1048576K
}
Event: 2.081 GC heap before
{Heap before GC invocations=4 (full 1):
 par new generation   total 39296K, used 39296K [0x00000000c1000000, 0x00000000c3aa0000, 0x00000000d6000000)
  eden space 34944K, 100% used [0x00000000c1000000, 0x00000000c3220000, 0x00000000c3220000)
  from space 4352K, 100% used [0x00000000c3220000, 0x00000000c3660000, 0x00000000c3660000)
  to   space 4352K,   0% used [0x00000000c3660000, 0x00000000c3660000, 0x00000000c3aa0000)
 concurrent mark-sweep generation total 87424K, used 36100K [0x00000000d6000000, 0x00000000db560000, 0x0000000100000000)
 Metaspace       used 25612K, capacity 27058K, committed 27248K, reserved 1073152K
  class space    used 2298K, capacity 2812K, committed 2816K, reserved 1048576K
}
Event: 2.088 GC heap after
{Heap after GC invocations=5 (full 1):
 par new generation   total 39296K, used 4352K [0x00000000c1000000, 0x00000000c3aa0000, 0x00000000d6000000)
  eden space 34944K,   0% used [0x00000000c1000000, 0x00000000c1000000, 0x00000000c3220000)
  from space 4352K, 100% used [0x00000000c3660000, 0x00000000c3aa0000, 0x00000000c3aa0000)
  to   space 4352K,   0% used [0x00000000c3220000, 0x00000000c3220000, 0x00000000c3660000)
 concurrent mark-sweep generation total 87424K, used 45064K [0x00000000d6000000, 0x00000000db560000, 0x0000000100000000)
 Metaspace       used 25612K, capacity 27058K, committed 27248K, reserved 1073152K
  class space    used 2298K, capacity 2812K, committed 2816K, reserved 1048576K
}
Event: 2.350 GC heap before
{Heap before GC invocations=5 (full 1):
 par new generation   total 39296K, used 39296K [0x00000000c1000000, 0x00000000c3aa0000, 0x00000000d6000000)
  eden space 34944K, 100% used [0x00000000c1000000, 0x00000000c3220000, 0x00000000c3220000)
  from space 4352K, 100% used [0x00000000c3660000, 0x00000000c3aa0000, 0x00000000c3aa0000)
  to   space 4352K,   0% used [0x00000000c3220000, 0x00000000c3220000, 0x00000000c3660000)
 concurrent mark-sweep generation total 87424K, used 45064K [0x00000000d6000000, 0x00000000db560000, 0x0000000100000000)
 Metaspace       used 27525K, capacity 29025K, committed 29296K, reserved 1075200K
  class space    used 2471K, capacity 2994K, committed 3072K, reserved 1048576K
}
Event: 2.358 GC heap after
{Heap after GC invocations=6 (full 1):
 par new generation   total 39296K, used 4352K [0x00000000c1000000, 0x00000000c3aa0000, 0x00000000d6000000)
  eden space 34944K,   0% used [0x00000000c1000000, 0x00000000c1000000, 0x00000000c3220000)
  from space 4352K, 100% used [0x00000000c3220000, 0x00000000c3660000, 0x00000000c3660000)
  to   space 4352K,   0% used [0x00000000c3660000, 0x00000000c3660000, 0x00000000c3aa0000)
 concurrent mark-sweep generation total 87424K, used 58392K [0x00000000d6000000, 0x00000000db560000, 0x0000000100000000)
 Metaspace       used 27525K, capacity 29025K, committed 29296K, reserved 1075200K
  class space    used 2471K, capacity 2994K, committed 3072K, reserved 1048576K
}

